mqtt broker begins running...
client connected,id= mqttjs_ace6ed3e
client connected,id= mqttjs_33439fb4
mqtt broker begins running...
client connected,id= mqttjs_0b9e78b6
client connected,id= mqttjs_33439fb4
mqtt broker begins running...
client connected,id= mqttjs_3293ca66
client connected,id= mqttjs_33439fb4
mqtt broker begins running...
client connected,id= mqttjs_33439fb4
client connected,id= mqttjs_a33008e8
websocket server listening on port  8888
mqtt broker begins running...
client connected,id= mqttjs_a2e932ac
client connected,id= mqttjs_60429a0b
Client Disconnected: mqttjs_60429a0b
client connected,id= mqttjs_0bb41772
Client Disconnected: mqttjs_0bb41772
client connected,id= mqttjs_044acbcd
Client Disconnected: mqttjs_044acbcd
client connected,id= mqttjs_15561733
Client Disconnected: mqttjs_15561733
client connected,id= mqttjs_1d939100
Client Disconnected: mqttjs_1d939100
client connected,id= mqttjs_ca3cfb03
Client Disconnected: mqttjs_ca3cfb03
client connected,id= mqttjs_62103a68
client connected,id= mqttjs_7f6a5f63
Client Disconnected: mqttjs_7f6a5f63
Client Disconnected: mqttjs_62103a68
client connected,id= mqttjs_387f5807
Client Disconnected: mqttjs_387f5807
client connected,id= mqttjs_87825909
Client Disconnected: mqttjs_87825909
client connected,id= mqttjs_e8214173
Client Disconnected: mqttjs_e8214173
client connected,id= mqttjs_c2636226
client connected,id= mqttjs_7ae22ece
Client Disconnected: mqttjs_c2636226
Client Disconnected: mqttjs_7ae22ece
client connected,id= mqttjs_7ae22ece
Client Disconnected: mqttjs_7ae22ece
client connected,id= mqttjs_36e16ad2
client connected,id= mqttjs_54b4ce63
client connected,id= mqttjs_7ae22ece
Client Disconnected: mqttjs_54b4ce63
client connected,id= mqttjs_a0d9c25a
Client Disconnected: mqttjs_a0d9c25a
client connected,id= mqttjs_c43583e7
Client Disconnected: mqttjs_c43583e7
Client Disconnected: mqttjs_36e16ad2
client connected,id= mqttjs_d735d96f
Client Disconnected: mqttjs_d735d96f
client connected,id= mqttjs_b338cf97
client connected,id= mqttjs_4be95577
Client Disconnected: mqttjs_4be95577
client connected,id= mqttjs_7f218f42
Client Disconnected: mqttjs_7f218f42
Client Disconnected: mqttjs_b338cf97
Client Disconnected: mqttjs_7ae22ece
client connected,id= mqttjs_59595e09
Client Disconnected: mqttjs_59595e09
client connected,id= mqttjs_eb488089
Client Disconnected: mqttjs_eb488089
client connected,id= mqttjs_eb488089
Client Disconnected: mqttjs_eb488089
client connected,id= mqttjs_eb488089
Client Disconnected: mqttjs_eb488089
client connected,id= mqttjs_0cf6ec0c
Client Disconnected: mqttjs_0cf6ec0c
client connected,id= mqttjs_1b8c94e5
Client Disconnected: mqttjs_1b8c94e5
client connected,id= mqttjs_1b8c94e5
Client Disconnected: mqttjs_1b8c94e5
client connected,id= mqttjs_1b8c94e5
Client Disconnected: mqttjs_1b8c94e5
client connected,id= mqttjs_2500ac73
Client Disconnected: mqttjs_2500ac73
client connected,id= mqttjs_7f218f42
client connected,id= mqttjs_b338cf97
Client Disconnected: mqttjs_7f218f42
client connected,id= mqttjs_7f218f42
Client Disconnected: mqttjs_7f218f42
client connected,id= mqttjs_7f218f42
Client Disconnected: mqttjs_7f218f42
Client Disconnected: mqttjs_b338cf97
client connected,id= mqttjs_b338cf97
client connected,id= mqttjs_7f218f42
Client Disconnected: mqttjs_7f218f42
client connected,id= mqttjs_7f218f42
Client Disconnected: mqttjs_7f218f42
Client Disconnected: mqttjs_b338cf97
client connected,id= mqttjs_ebcf6ea5
Client Disconnected: mqttjs_ebcf6ea5
client connected,id= mqttjs_232992bd
Client Disconnected: mqttjs_232992bd
client connected,id= mqttjs_fe30010b
Client Disconnected: mqttjs_fe30010b
client connected,id= mqttjs_9b6e06b4
Client Disconnected: mqttjs_9b6e06b4
client connected,id= mqttjs_9b6e06b4
client connected,id= mqttjs_454934a8
Client Disconnected: mqttjs_454934a8
Client Disconnected: mqttjs_9b6e06b4
client connected,id= mqttjs_af087055
Client Disconnected: mqttjs_af087055
client connected,id= mqttjs_af087055
Client Disconnected: mqttjs_af087055
client connected,id= mqttjs_ecb448de
Client Disconnected: mqttjs_ecb448de
client connected,id= mqttjs_ecb448de
Client Disconnected: mqttjs_ecb448de
client connected,id= mqttjs_f7c250c9
Client Disconnected: mqttjs_f7c250c9
websocket server listening on port  8888
mqtt broker begins running...
client connected,id= mqttjs_7bdfed86
client connected,id= mqttjs_3242bce7
websocket server listening on port  8888
mqtt broker begins running...
client connected,id= mqttjs_20d7decb
client connected,id= mqttjs_3242bce7
Client Disconnected: mqttjs_3242bce7
client connected,id= mqttjs_93d4e22b
Client Disconnected: mqttjs_93d4e22b
websocket server listening on port  8888
mqtt broker begins running...
client connected,id= mqttjs_2e729aad
client connected,id= mqttjs_b4ef521a
websocket server listening on port  8888
mqtt broker begins running...
client connected,id= mqttjs_60eff867
client connected,id= mqttjs_b4ef521a
Client Disconnected: mqttjs_b4ef521a
client connected,id= mqttjs_ed17329a
websocket server listening on port  8888
mqtt broker begins running...
client connected,id= mqttjs_ed17329a
client connected,id= mqttjs_f62ddb77
Client Disconnected: mqttjs_ed17329a
client connected,id= mqttjs_a20db6f5
Client Disconnected: mqttjs_a20db6f5
client connected,id= mqttjs_a7433a87
websocket server listening on port  8888
mqtt broker begins running...
client connected,id= mqttjs_4fd16128
client connected,id= mqttjs_a7433a87
websocket server listening on port  8888
mqtt broker begins running...
client connected,id= mqttjs_a57d0772
client connected,id= mqttjs_a7433a87
websocket server listening on port  8888
websocket server listening on port  8888
websocket server listening on port  8888
websocket server listening on port  8888
mqtt broker begins running...
mqtt broker begins running...
mqtt broker begins running...
mqtt broker begins running...
client connected,id= mqttjs_209cee2b
client connected,id= mqttjs_97cd7e48
client connected,id= mqttjs_1a377a0f
client connected,id= mqttjs_6b657eae
client connected,id= mqttjs_81cc2849
Client Disconnected: mqttjs_81cc2849
client connected,id= mqttjs_81cc2849
Client Disconnected: mqttjs_81cc2849
client connected,id= mqttjs_440fa17b
Client Disconnected: mqttjs_440fa17b
client connected,id= mqttjs_2ebb69f2
Client Disconnected: mqttjs_2ebb69f2
client connected,id= mqttjs_c0d02551
Client Disconnected: mqttjs_c0d02551
client connected,id= mqttjs_0d24aabf
Client Disconnected: mqttjs_0d24aabf
client connected,id= mqttjs_e1feef48
Client Disconnected: mqttjs_e1feef48
client connected,id= mqttjs_268081c8
Client Disconnected: mqttjs_268081c8
client connected,id= mqttjs_1b58c88b
Client Disconnected: mqttjs_1b58c88b
client connected,id= mqttjs_795948d8
client connected,id= mqttjs_1b58c88b
Client Disconnected: mqttjs_1b58c88b
Client Disconnected: mqttjs_795948d8
client connected,id= mqttjs_1b634bfe
Client Disconnected: mqttjs_1b634bfe
client connected,id= mqttjs_2e157a38
Client Disconnected: mqttjs_2e157a38
client connected,id= mqttjs_18ca9ebc
client connected,id= mqttjs_7637f782
Client Disconnected: mqttjs_7637f782
Client Disconnected: mqttjs_18ca9ebc
client connected,id= mqttjs_ab5d73c1
Client Disconnected: mqttjs_ab5d73c1
client connected,id= mqttjs_547d74ff
Client Disconnected: mqttjs_547d74ff
client connected,id= mqttjs_3f6d7660
Client Disconnected: mqttjs_3f6d7660
client connected,id= mqttjs_3f6d7660
Client Disconnected: mqttjs_3f6d7660
client connected,id= mqttjs_af79cbf5
Client Disconnected: mqttjs_af79cbf5
client connected,id= mqttjs_32786f38
Client Disconnected: mqttjs_32786f38
client connected,id= mqttjs_05ff5893
Client Disconnected: mqttjs_05ff5893
client connected,id= mqttjs_3c2f1fc2
Client Disconnected: mqttjs_3c2f1fc2
client connected,id= mqttjs_2d17c3f9
Client Disconnected: mqttjs_2d17c3f9
client connected,id= mqttjs_f3a360c9
Client Disconnected: mqttjs_f3a360c9
client connected,id= mqttjs_367aeb5a
Client Disconnected: mqttjs_367aeb5a
client connected,id= mqttjs_563455ec
Client Disconnected: mqttjs_563455ec
client connected,id= mqttjs_303911fa
Client Disconnected: mqttjs_303911fa
client connected,id= mqttjs_a2bd7c56
Client Disconnected: mqttjs_a2bd7c56
client connected,id= mqttjs_530fd5e9
Client Disconnected: mqttjs_530fd5e9
client connected,id= mqttjs_6a3a9566
Client Disconnected: mqttjs_6a3a9566
client connected,id= mqttjs_2bf7fb79
Client Disconnected: mqttjs_2bf7fb79
client connected,id= mqttjs_fc41a18c
Client Disconnected: mqttjs_fc41a18c
client connected,id= mqttjs_69e98136
Client Disconnected: mqttjs_69e98136
client connected,id= mqttjs_0d065dad
Client Disconnected: mqttjs_0d065dad
client connected,id= mqttjs_996fc2df
Client Disconnected: mqttjs_996fc2df
client connected,id= mqttjs_8b28a9ed
Client Disconnected: mqttjs_8b28a9ed
client connected,id= mqttjs_1753f8c9
Client Disconnected: mqttjs_1753f8c9
client connected,id= mqttjs_87dac126
Client Disconnected: mqttjs_87dac126
client connected,id= mqttjs_5b246736
Client Disconnected: mqttjs_5b246736
client connected,id= mqttjs_eab74f7d
Client Disconnected: mqttjs_eab74f7d
client connected,id= mqttjs_a8543870
Client Disconnected: mqttjs_a8543870
client connected,id= mqttjs_f5ed60b4
Client Disconnected: mqttjs_f5ed60b4
client connected,id= mqttjs_39948035
Client Disconnected: mqttjs_39948035
client connected,id= mqttjs_a74f838a
Client Disconnected: mqttjs_a74f838a
client connected,id= mqttjs_5e03c8f1
Client Disconnected: mqttjs_5e03c8f1
client connected,id= mqttjs_10199ad7
Client Disconnected: mqttjs_10199ad7
client connected,id= mqttjs_4a20e172
Client Disconnected: mqttjs_4a20e172
client connected,id= mqttjs_b0566574
Client Disconnected: mqttjs_b0566574
client connected,id= mqttjs_7b2bb487
Client Disconnected: mqttjs_7b2bb487
client connected,id= mqttjs_a5ba2ef6
Client Disconnected: mqttjs_a5ba2ef6
client connected,id= mqttjs_037edc1c
Client Disconnected: mqttjs_037edc1c
client connected,id= mqttjs_409b19b3
Client Disconnected: mqttjs_409b19b3
client connected,id= mqttjs_cc2f34a1
Client Disconnected: mqttjs_cc2f34a1
client connected,id= mqttjs_b318dbdd
Client Disconnected: mqttjs_b318dbdd
client connected,id= mqttjs_1328d6da
Client Disconnected: mqttjs_1328d6da
client connected,id= mqttjs_1aaa1da8
Client Disconnected: mqttjs_1aaa1da8
client connected,id= mqttjs_862d5d97
Client Disconnected: mqttjs_862d5d97
client connected,id= mqttjs_e1afa606
Client Disconnected: mqttjs_e1afa606
client connected,id= mqttjs_a0eb4a35
Client Disconnected: mqttjs_a0eb4a35
client connected,id= mqttjs_41a4ce64
Client Disconnected: mqttjs_41a4ce64
client connected,id= mqttjs_41a4ce64
Client Disconnected: mqttjs_41a4ce64
client connected,id= mqttjs_7d4e22ab
Client Disconnected: mqttjs_7d4e22ab
client connected,id= mqttjs_bf84ffc0
Client Disconnected: mqttjs_bf84ffc0
client connected,id= mqttjs_059017d1
Client Disconnected: mqttjs_209cee2b
websocket server listening on port  8888
websocket server listening on port  8888
websocket server listening on port  8888
websocket server listening on port  8888
mqtt broker begins running...
mqtt broker begins running...
mqtt broker begins running...
mqtt broker begins running...
client connected,id= mqttjs_ee5a7680
client connected,id= mqttjs_7f1de8ac
client connected,id= mqttjs_64c82026
client connected,id= mqttjs_6e02b660
Client Disconnected: mqttjs_64c82026
websocket server listening on port  [33m8888[39m
mqtt broker begins running...
client connected,id= mqttjs_383bc5e7
websocket server listening on port  [33m8888[39m
mqtt broker begins running...
websocket server listening on port  [33m8888[39m
mqtt broker begins running...
client connected,id= mqttjs_846bf336
websocket server listening on port  [33m8888[39m
mqtt broker begins running...
client connected,id= mqttjs_bcc7870d
client connected,id= mqttjs_b1526533
client connected,id= mqttjs_31a6f322
Client Disconnected: mqttjs_31a6f322
client connected,id= mqttjs_4e94f74c
Client Disconnected: mqttjs_4e94f74c
client connected,id= mqttjs_0e789764
Client Disconnected: mqttjs_0e789764
client connected,id= mqttjs_a0bf5760
Client Disconnected: mqttjs_a0bf5760
client connected,id= mqttjs_83571159
Client Disconnected: mqttjs_83571159
client connected,id= mqttjs_8edbdf0a
Client Disconnected: mqttjs_8edbdf0a
client connected,id= mqttjs_f5d14ea8
Client Disconnected: mqttjs_f5d14ea8
client connected,id= mqttjs_ee17b904
Client Disconnected: mqttjs_ee17b904
client connected,id= mqttjs_c841f9c6
Client Disconnected: mqttjs_c841f9c6
client connected,id= mqttjs_bfa3bb85
Client Disconnected: mqttjs_bfa3bb85
client connected,id= mqttjs_76c65dc7
Client Disconnected: mqttjs_76c65dc7
client connected,id= mqttjs_d505daae
Client Disconnected: mqttjs_d505daae
client connected,id= mqttjs_568f8d02
Client Disconnected: mqttjs_568f8d02
client connected,id= mqttjs_d0f0c2d6
Client Disconnected: mqttjs_d0f0c2d6
client connected,id= mqttjs_2845f481
Client Disconnected: mqttjs_2845f481
client connected,id= mqttjs_6e3250af
Client Disconnected: mqttjs_6e3250af
client connected,id= mqttjs_6e3250af
Client Disconnected: mqttjs_6e3250af
client connected,id= mqttjs_1e4f7d42
Client Disconnected: mqttjs_1e4f7d42
client connected,id= mqttjs_0797b0b7
Client Disconnected: mqttjs_0797b0b7
client connected,id= mqttjs_d99f8e87
Client Disconnected: mqttjs_d99f8e87
client connected,id= mqttjs_c4251a50
Client Disconnected: mqttjs_c4251a50
client connected,id= mqttjs_09302351
Client Disconnected: mqttjs_09302351
client connected,id= mqttjs_941f4d20
Client Disconnected: mqttjs_941f4d20
client connected,id= mqttjs_3d449b4a
Client Disconnected: mqttjs_3d449b4a
client connected,id= mqttjs_486f9fbf
Client Disconnected: mqttjs_486f9fbf
client connected,id= mqttjs_67e3090a
Client Disconnected: mqttjs_67e3090a
client connected,id= mqttjs_b73f4b0e
Client Disconnected: mqttjs_b73f4b0e
client connected,id= mqttjs_3193ad85
Client Disconnected: mqttjs_3193ad85
client connected,id= mqttjs_c22b3eb2
Client Disconnected: mqttjs_c22b3eb2
client connected,id= mqttjs_02a3a886
Client Disconnected: mqttjs_02a3a886
client connected,id= mqttjs_931219a5
Client Disconnected: mqttjs_931219a5
client connected,id= mqttjs_cae96d6b
Client Disconnected: mqttjs_cae96d6b
client connected,id= mqttjs_ecc5ecfc
Client Disconnected: mqttjs_ecc5ecfc
client connected,id= mqttjs_b1fc4427
Client Disconnected: mqttjs_b1fc4427
client connected,id= mqttjs_b4910747
Client Disconnected: mqttjs_b4910747
client connected,id= mqttjs_cb397383
Client Disconnected: mqttjs_cb397383
client connected,id= mqttjs_771eb860
Client Disconnected: mqttjs_771eb860
client connected,id= mqttjs_1083d80f
Client Disconnected: mqttjs_1083d80f
client connected,id= mqttjs_ad38e08b
Client Disconnected: mqttjs_ad38e08b
client connected,id= mqttjs_fd6cec66
Client Disconnected: mqttjs_fd6cec66
client connected,id= mqttjs_fa70731a
Client Disconnected: mqttjs_fa70731a
client connected,id= mqttjs_b79656f9
Client Disconnected: mqttjs_b79656f9
client connected,id= mqttjs_3a452a17
Client Disconnected: mqttjs_3a452a17
client connected,id= mqttjs_3006d86e
Client Disconnected: mqttjs_3006d86e
client connected,id= mqttjs_e4f28887
Client Disconnected: mqttjs_b1526533
websocket server listening on port  8888
websocket server listening on port  8888
websocket server listening on port  8888
mqtt broker begins running...
mqtt broker begins running...
mqtt broker begins running...
websocket server listening on port  8888
mqtt broker begins running...
client connected,id= mqttjs_7234e08f
client connected,id= mqttjs_b3300bca
client connected,id= mqttjs_d42c7b1a
client connected,id= mqttjs_f948f5b2
client connected,id= mqttjs_e8fc22ef
Client Disconnected: mqttjs_b3300bca
client connected,id= mqttjs_dc32b0d8
Client Disconnected: mqttjs_dc32b0d8
client connected,id= mqttjs_82e9051d
Client Disconnected: mqttjs_82e9051d
client connected,id= mqttjs_b9a563bc
Client Disconnected: mqttjs_b9a563bc
client connected,id= mqttjs_b9a563bc
Client Disconnected: mqttjs_b9a563bc
client connected,id= mqttjs_0f07bde6
Client Disconnected: mqttjs_0f07bde6
client connected,id= mqttjs_f35c6d8d
Client Disconnected: mqttjs_f35c6d8d
client connected,id= mqttjs_e1255556
Client Disconnected: mqttjs_e1255556
client connected,id= mqttjs_ab15aa59
Client Disconnected: mqttjs_ab15aa59
client connected,id= mqttjs_593831c0
Client Disconnected: mqttjs_593831c0
client connected,id= mqttjs_410acba7
Client Disconnected: mqttjs_410acba7
client connected,id= mqttjs_6edd4d5f
Client Disconnected: mqttjs_6edd4d5f
client connected,id= mqttjs_ddb86495
Client Disconnected: mqttjs_ddb86495
client connected,id= mqttjs_8677af52
Client Disconnected: mqttjs_8677af52
client connected,id= mqttjs_dbc375a3
Client Disconnected: mqttjs_dbc375a3
client connected,id= mqttjs_1ce14db4
Client Disconnected: mqttjs_1ce14db4
client connected,id= mqttjs_4f5e7c60
Client Disconnected: mqttjs_4f5e7c60
client connected,id= mqttjs_b0230cff
Client Disconnected: mqttjs_b0230cff
client connected,id= mqttjs_829fa314
Client Disconnected: mqttjs_829fa314
client connected,id= mqttjs_11c2db70
Client Disconnected: mqttjs_11c2db70
